<?xml version="1.0" encoding="UTF-8"?>
<!-- Generated by org.testng.reporters.JUnitReportReporter -->
<testsuite skipped="0" hostname="MTLP-983" name="com.keka.testcases.HomePageTest" tests="3" failures="0" timestamp="27 Apr 2021 15:08:08 GMT" time="75.462" errors="0">
  <testcase name="verifyMeLinkTest" time="26.146" classname="com.keka.testcases.HomePageTest"/>
  <testcase name="verifyProfileNameTest" time="23.371" classname="com.keka.testcases.HomePageTest"/>
  <testcase name="verifyHomePageTitleTest" time="25.945" classname="com.keka.testcases.HomePageTest"/>
</testsuite> <!-- com.keka.testcases.HomePageTest -->
