<?xml version="1.0" encoding="UTF-8"?>
<!-- Generated by org.testng.reporters.JUnitReportReporter -->
<testsuite skipped="0" hostname="MTLP-983" name="com.keka.testcases.LoginPageTest" tests="2" failures="0" timestamp="27 Apr 2021 15:08:08 GMT" time="19.170" errors="0">
  <testcase name="loginPageTitleTest" time="5.022" classname="com.keka.testcases.LoginPageTest"/>
  <testcase name="loginTest" time="14.148" classname="com.keka.testcases.LoginPageTest"/>
</testsuite> <!-- com.keka.testcases.LoginPageTest -->
