<?xml version="1.0" encoding="UTF-8"?>
<!-- Generated by org.testng.reporters.JUnitReportReporter -->
<testsuite skipped="0" hostname="MTLP-983" name="com.keka.testcases.TimesheetPageTest" tests="3" failures="0" timestamp="28 Apr 2021 15:57:04 GMT" time="76.775" errors="0">
  <testcase name="verifyTimesheetTest" time="32.757" classname="com.keka.testcases.TimesheetPageTest"/>
  <testcase name="verifyTimesheetTest" time="22.681" classname="com.keka.testcases.TimesheetPageTest"/>
  <testcase name="verifyTimesheetTest" time="21.337" classname="com.keka.testcases.TimesheetPageTest"/>
</testsuite> <!-- com.keka.testcases.TimesheetPageTest -->
