<?xml version="1.0" encoding="UTF-8"?>
<!-- Generated by org.testng.reporters.JUnitReportReporter -->
<testsuite skipped="0" hostname="MTLP-983" name="com.keka.testcases.HomePageTest" tests="3" failures="0" timestamp="28 Apr 2021 15:57:04 GMT" time="58.895" errors="0">
  <testcase name="verifyProfileNameTest" time="17.644" classname="com.keka.testcases.HomePageTest"/>
  <testcase name="verifyHomePageTitleTest" time="14.290" classname="com.keka.testcases.HomePageTest"/>
  <testcase name="verifyMeLinkTest" time="26.961" classname="com.keka.testcases.HomePageTest"/>
</testsuite> <!-- com.keka.testcases.HomePageTest -->
