<?xml version="1.0" encoding="UTF-8"?>
<!-- Generated by org.testng.reporters.JUnitReportReporter -->
<testsuite skipped="0" hostname="MTLP-983" name="com.keka.testcases.MeLinkPageTest" tests="1" failures="0" timestamp="26 Apr 2021 16:26:37 GMT" time="26.714" errors="0">
  <testcase name="verifyTimesheetFillTest" time="26.714" classname="com.keka.testcases.MeLinkPageTest"/>
</testsuite> <!-- com.keka.testcases.MeLinkPageTest -->
